<?xml version="1.0" encoding="UTF-8"?>
<!-- Generated by org.testng.reporters.JUnitReportReporter -->
<testsuite hostname="DESKTOP-E17CQ22" failures="0" tests="1" name="com.testcase.TC1_SignPageValidation" time="62.531" errors="0" timestamp="2021-03-13T10:28:08 IST" skipped="0">
  <testcase classname="com.testcase.TC1_SignPageValidation" name="signPageDisplayed" time="62.531"/>
  <system-out/>
</testsuite> <!-- com.testcase.TC1_SignPageValidation -->
